<?xml version="1.0" encoding="UTF-8"?>
<testng-results total="1" passed="1" failed="0" skipped="0">
  <reporter-output>
  </reporter-output>
  <suite started-at="2020-04-25T16:07:21Z" name="Default suite" finished-at="2020-04-25T16:08:20Z" duration-ms="59349">
    <groups>
    </groups>
    <test started-at="2020-04-25T16:07:21Z" name="Default test" finished-at="2020-04-25T16:08:20Z" duration-ms="59349">
      <class name="com.main.Automation">
        <test-method is-config="true" signature="beforeClass()[pri:0, instance:com.main.Automation@37afeb11]" started-at="2020-04-25T21:37:21Z" name="beforeClass" finished-at="2020-04-25T21:37:27Z" duration-ms="6394" status="PASS">
          <reporter-output>
          </reporter-output>
        </test-method> <!-- beforeClass -->
        <test-method is-config="true" signature="beforeMethod()[pri:0, instance:com.main.Automation@37afeb11]" started-at="2020-04-25T21:37:27Z" name="beforeMethod" finished-at="2020-04-25T21:37:27Z" duration-ms="0" status="PASS">
          <reporter-output>
          </reporter-output>
        </test-method> <!-- beforeMethod -->
        <test-method signature="inquiryFieldValidations()[pri:0, instance:com.main.Automation@37afeb11]" started-at="2020-04-25T21:37:27Z" name="inquiryFieldValidations" finished-at="2020-04-25T21:38:20Z" duration-ms="52955" status="PASS">
          <reporter-output>
          </reporter-output>
        </test-method> <!-- inquiryFieldValidations -->
        <test-method is-config="true" signature="afterClass()[pri:0, instance:com.main.Automation@37afeb11]" started-at="2020-04-25T21:38:20Z" name="afterClass" finished-at="2020-04-25T21:38:20Z" duration-ms="0" status="PASS">
          <reporter-output>
          </reporter-output>
        </test-method> <!-- afterClass -->
        <test-method is-config="true" signature="afterMethod()[pri:0, instance:com.main.Automation@37afeb11]" started-at="2020-04-25T21:38:20Z" name="afterMethod" finished-at="2020-04-25T21:38:20Z" duration-ms="0" status="PASS">
          <reporter-output>
          </reporter-output>
        </test-method> <!-- afterMethod -->
      </class> <!-- com.main.Automation -->
    </test> <!-- Default test -->
  </suite> <!-- Default suite -->
</testng-results>
